2026-02-10 10:25:25 [INFO] etl.BooksETL: ======================================================================
2026-02-10 10:25:25 [INFO] etl.BooksETL: 🚀 ЗАПУСК ETL ПРОЦЕССА: BooksETL
2026-02-10 10:25:25 [INFO] etl.BooksETL: Логи сохраняются в: logs\etl\BooksETL_20260210_102525.log
2026-02-10 10:25:25 [INFO] etl.BooksETL: Время запуска: 2026-02-10 10:25:25.541786
2026-02-10 10:25:25 [INFO] etl.BooksETL: ======================================================================
2026-02-10 10:25:25 [INFO] etl.BooksETL: 📋 КОНФИГУРАЦИЯ ETL:
2026-02-10 10:25:25 [INFO] etl.BooksETL:   - Имя: BooksETL
2026-02-10 10:25:25 [INFO] etl.BooksETL:   - Drop existing: False
2026-02-10 10:25:25 [INFO] etl.BooksETL:   - DWH схема: dwh
2026-02-10 10:25:25 [INFO] etl.BooksETL:   - RAW схема: public
2026-02-10 10:25:25 [INFO] etl.BooksETL: --------------------------------------------------
2026-02-10 10:25:25 [INFO] etl.BooksETL: ▶️▶️▶️▶️▶️▶️▶️▶️▶️▶️▶️▶️▶️▶️▶️▶️▶️▶️▶️▶️▶️▶️▶️▶️▶️
2026-02-10 10:25:25 [INFO] etl.BooksETL: 🔧 ЭТАП: Инициализация Spark
2026-02-10 10:25:25 [INFO] etl.BooksETL: 📝 Создание SparkSession
2026-02-10 10:25:25 [INFO] etl.BooksETL: ▶️▶️▶️▶️▶️▶️▶️▶️▶️▶️▶️▶️▶️▶️▶️▶️▶️▶️▶️▶️▶️▶️▶️▶️▶️
2026-02-10 10:25:34 [INFO] etl.BooksETL: ✅ SparkSession создан. App ID: local-1770708333451
2026-02-10 10:25:34 [INFO] etl.BooksETL: ✅✅✅✅✅✅✅✅✅✅✅✅✅✅✅✅✅✅✅✅✅✅✅✅✅
2026-02-10 10:25:34 [INFO] etl.BooksETL: ✓ ЗАВЕРШЕН ЭТАП: Инициализация Spark
2026-02-10 10:25:34 [INFO] etl.BooksETL:   Spark Application ID: local-1770708333451
2026-02-10 10:25:34 [INFO] etl.BooksETL:   Spark Version: 3.5.3
2026-02-10 10:25:34 [INFO] etl.BooksETL: ✅✅✅✅✅✅✅✅✅✅✅✅✅✅✅✅✅✅✅✅✅✅✅✅✅
2026-02-10 10:25:34 [INFO] etl.BooksETL: ▶️▶️▶️▶️▶️▶️▶️▶️▶️▶️▶️▶️▶️▶️▶️▶️▶️▶️▶️▶️▶️▶️▶️▶️▶️
2026-02-10 10:25:34 [INFO] etl.BooksETL: 🔧 ЭТАП: Запуск ETL процесса
2026-02-10 10:25:34 [INFO] etl.BooksETL: 📝 ETL Run ID: etl_run_20260210_102525_b2199263
2026-02-10 10:25:34 [INFO] etl.BooksETL: ▶️▶️▶️▶️▶️▶️▶️▶️▶️▶️▶️▶️▶️▶️▶️▶️▶️▶️▶️▶️▶️▶️▶️▶️▶️
2026-02-10 10:25:34 [INFO] etl.BooksETL: ▶️▶️▶️▶️▶️▶️▶️▶️▶️▶️▶️▶️▶️▶️▶️▶️▶️▶️▶️▶️▶️▶️▶️▶️▶️
2026-02-10 10:25:34 [INFO] etl.BooksETL: 🔧 ЭТАП: Инициализация DWH
2026-02-10 10:25:34 [INFO] etl.BooksETL: 📝 Создание схемы и таблиц DWH
2026-02-10 10:25:34 [INFO] etl.BooksETL: ▶️▶️▶️▶️▶️▶️▶️▶️▶️▶️▶️▶️▶️▶️▶️▶️▶️▶️▶️▶️▶️▶️▶️▶️▶️
2026-02-10 10:25:34 [INFO] etl.BooksETL: ✅✅✅✅✅✅✅✅✅✅✅✅✅✅✅✅✅✅✅✅✅✅✅✅✅
2026-02-10 10:25:34 [INFO] etl.BooksETL: ✓ ЗАВЕРШЕН ЭТАП: Инициализация DWH
2026-02-10 10:25:34 [INFO] etl.BooksETL:   Статус: Успешно
2026-02-10 10:25:34 [INFO] etl.BooksETL:   Время выполнения: 0.04 сек
2026-02-10 10:25:34 [INFO] etl.BooksETL:   Схема: dwh
2026-02-10 10:25:34 [INFO] etl.BooksETL: ✅✅✅✅✅✅✅✅✅✅✅✅✅✅✅✅✅✅✅✅✅✅✅✅✅
2026-02-10 10:25:37 [INFO] etl.BooksETL: Извлечено 1000 записей за 2.87 сек
2026-02-10 10:25:37 [INFO] etl.BooksETL: ▶️▶️▶️▶️▶️▶️▶️▶️▶️▶️▶️▶️▶️▶️▶️▶️▶️▶️▶️▶️▶️▶️▶️▶️▶️
2026-02-10 10:25:37 [INFO] etl.BooksETL: 🔧 ЭТАП: Трансформация данных
2026-02-10 10:25:37 [INFO] etl.BooksETL: 📝 Очистка, дедубликация, создание справочников
2026-02-10 10:25:37 [INFO] etl.BooksETL: ▶️▶️▶️▶️▶️▶️▶️▶️▶️▶️▶️▶️▶️▶️▶️▶️▶️▶️▶️▶️▶️▶️▶️▶️▶️
2026-02-10 10:25:37 [INFO] etl.BooksETL: Этап 1: Очистка данных
2026-02-10 10:25:38 [INFO] etl.BooksETL: Этап 2: Дедубликация данных
2026-02-10 10:25:38 [INFO] etl.BooksETL:   Удалено дубликатов: 0
2026-02-10 10:25:38 [INFO] etl.BooksETL: Этап 3.1: Создание справочника категорий
2026-02-10 10:25:39 [INFO] etl.BooksETL: Этап 3.2: Создание справочника типов продуктов
2026-02-10 10:25:40 [INFO] etl.BooksETL: Этап 3.3: Загрузка справочника рейтингов
2026-02-10 10:25:40 [INFO] etl.BooksETL:   Загружено рейтингов из DWH: 6
2026-02-10 10:25:40 [INFO] etl.BooksETL: Этап 4: Создание фактовой таблицы
2026-02-10 10:25:41 [INFO] etl.BooksETL: Этап 5: Детальный анализ качества данных по книгам
2026-02-10 10:25:41 [INFO] etl.BooksETL: 🔍 Детальный анализ качества данных по книгам...
2026-02-10 10:25:41 [INFO] etl.BooksETL: 📊 СТАТИСТИКА КАЧЕСТВА ДАННЫХ:
2026-02-10 10:25:41 [INFO] etl.BooksETL: ✅ Нет книг с качеством данных ниже 85%
2026-02-10 10:25:41 [INFO] etl.BooksETL: ✅✅✅✅✅✅✅✅✅✅✅✅✅✅✅✅✅✅✅✅✅✅✅✅✅
2026-02-10 10:25:41 [INFO] etl.BooksETL: ✓ ЗАВЕРШЕН ЭТАП: Трансформация данных
2026-02-10 10:25:41 [INFO] etl.BooksETL:   Время выполнения: 3.98 сек
2026-02-10 10:25:41 [INFO] etl.BooksETL:   Всего книг после трансформации: 1000
2026-02-10 10:25:41 [INFO] etl.BooksETL:   Уникальных категорий: 50
2026-02-10 10:25:41 [INFO] etl.BooksETL:   Уникальных типов продуктов: 1
2026-02-10 10:25:41 [INFO] etl.BooksETL: ✅✅✅✅✅✅✅✅✅✅✅✅✅✅✅✅✅✅✅✅✅✅✅✅✅
2026-02-10 10:25:41 [INFO] etl.BooksETL: ▶️▶️▶️▶️▶️▶️▶️▶️▶️▶️▶️▶️▶️▶️▶️▶️▶️▶️▶️▶️▶️▶️▶️▶️▶️
2026-02-10 10:25:41 [INFO] etl.BooksETL: 🔧 ЭТАП: Загрузка в DWH
2026-02-10 10:25:41 [INFO] etl.BooksETL: 📝 Загрузка трансформированных данных в DWH
2026-02-10 10:25:41 [INFO] etl.BooksETL: ▶️▶️▶️▶️▶️▶️▶️▶️▶️▶️▶️▶️▶️▶️▶️▶️▶️▶️▶️▶️▶️▶️▶️▶️▶️
2026-02-10 10:25:41 [INFO] etl.BooksETL: Шаг 1: Очистка таблиц DWH
2026-02-10 10:25:41 [INFO] etl.BooksETL: ✓ Таблицы очищены с помощью TRUNCATE CASCADE
2026-02-10 10:25:41 [INFO] etl.BooksETL: Шаг 2: Загрузка dim_categories
2026-02-10 10:25:43 [INFO] etl.BooksETL: 📤 ЗАГРУЗКА: 50 записей в dim_categories
2026-02-10 10:25:43 [INFO] etl.BooksETL:   Время загрузки: 1.50 сек
2026-02-10 10:25:43 [INFO] etl.BooksETL: Шаг 3: Загрузка dim_product_types
2026-02-10 10:25:43 [INFO] etl.BooksETL: 📤 ЗАГРУЗКА: 1 записей в dim_product_types
2026-02-10 10:25:43 [INFO] etl.BooksETL:   Время загрузки: 0.41 сек
2026-02-10 10:25:43 [INFO] etl.BooksETL: Шаг 4: Загрузка dim_ratings
2026-02-10 10:25:44 [INFO] etl.BooksETL: ✓ Таблица dim_ratings уже содержит данные, пропускаем загрузку
2026-02-10 10:25:44 [INFO] etl.BooksETL: Шаг 5: Загрузка fact_books
2026-02-10 10:25:45 [INFO] etl.BooksETL: 📤 ЗАГРУЗКА: 1000 записей в fact_books
2026-02-10 10:25:45 [INFO] etl.BooksETL:   Время загрузки: 1.21 сек
2026-02-10 10:25:45 [INFO] etl.BooksETL: Шаг 6: Проверка загрузки данных
2026-02-10 10:25:45 [INFO] etl.BooksETL: Проверка загрузки данных в DWH...
2026-02-10 10:25:45 [INFO] etl.BooksETL:   ✓ Справочник рейтингов: 6 записей
2026-02-10 10:25:45 [INFO] etl.BooksETL:   ✓ Справочник категорий: 50 записей
2026-02-10 10:25:45 [INFO] etl.BooksETL:   ✓ Справочник типов продуктов: 1 записей
2026-02-10 10:25:45 [INFO] etl.BooksETL:   ✓ Фактовая таблица книг: 1000 записей
2026-02-10 10:25:45 [INFO] etl.BooksETL: ✅✅✅✅✅✅✅✅✅✅✅✅✅✅✅✅✅✅✅✅✅✅✅✅✅
2026-02-10 10:25:45 [INFO] etl.BooksETL: ✓ ЗАВЕРШЕН ЭТАП: Загрузка в DWH
2026-02-10 10:25:45 [INFO] etl.BooksETL:   Время выполнения: 4.58 сек
2026-02-10 10:25:45 [INFO] etl.BooksETL:   Всего загружено таблиц: 4
2026-02-10 10:25:45 [INFO] etl.BooksETL:   Всего записей fact_books: 1000
2026-02-10 10:25:45 [INFO] etl.BooksETL: ✅✅✅✅✅✅✅✅✅✅✅✅✅✅✅✅✅✅✅✅✅✅✅✅✅
2026-02-10 10:25:45 [INFO] etl.BooksETL: ======================================================================
2026-02-10 10:25:45 [INFO] etl.BooksETL: 🎉 ETL ПРОЦЕСС УСПЕШНО ЗАВЕРШЕН
2026-02-10 10:25:45 [INFO] etl.BooksETL: ======================================================================
2026-02-10 10:25:45 [INFO] etl.BooksETL: 📈 СТАТИСТИКА ВЫПОЛНЕНИЯ:
2026-02-10 10:25:45 [INFO] etl.BooksETL:   Время начала: 2026-02-10 10:25:25.541786
2026-02-10 10:25:45 [INFO] etl.BooksETL:   Время окончания: 2026-02-10 10:25:45.872107
2026-02-10 10:25:45 [INFO] etl.BooksETL:   Общее время: 20.33 сек
2026-02-10 10:25:45 [INFO] etl.BooksETL:   etl_run_id: etl_run_20260210_102525_b2199263
2026-02-10 10:25:45 [INFO] etl.BooksETL:   total_duration_seconds: 20.33
2026-02-10 10:25:45 [INFO] etl.BooksETL:   extraction_records: 1000
2026-02-10 10:25:45 [INFO] etl.BooksETL:   transformation_books: 1000
2026-02-10 10:25:45 [INFO] etl.BooksETL:   quality: 0
2026-02-10 10:25:45 [INFO] etl.BooksETL:   tables_loaded: 4
2026-02-10 10:25:45 [INFO] etl.BooksETL:   spark_application_id: local-1770708333451
2026-02-10 10:25:45 [INFO] etl.BooksETL:   status: success
2026-02-10 10:25:45 [INFO] etl.BooksETL: 📁 Статистика сохранена в: logs\etl\BooksETL_20260210_102545_stats.json
2026-02-10 10:25:45 [INFO] etl.BooksETL: ======================================================================
2026-02-10 10:25:45 [INFO] etl.BooksETL: 🎉 ETL процесс успешно завершен!
2026-02-10 10:25:46 [INFO] etl.BooksETL: ✅ Spark сессия остановлена
